d:\c++ projects\chess\chess\debug\vc141.pdb
d:\c++ projects\chess\chess\debug\vc141.idb
d:\c++ projects\chess\chess\debug\rook.obj
d:\c++ projects\chess\chess\debug\queen.obj
d:\c++ projects\chess\chess\debug\pawn.obj
d:\c++ projects\chess\chess\debug\main.obj
d:\c++ projects\chess\chess\debug\knight.obj
d:\c++ projects\chess\chess\debug\king.obj
d:\c++ projects\chess\chess\debug\figure.obj
d:\c++ projects\chess\chess\debug\chessgame.obj
d:\c++ projects\chess\chess\debug\chessbox.obj
d:\c++ projects\chess\chess\debug\chessboard.obj
d:\c++ projects\chess\chess\debug\bishop.obj
d:\c++ projects\chess\debug\chess.ilk
d:\c++ projects\chess\debug\chess.exe
d:\c++ projects\chess\debug\chess.pdb
d:\c++ projects\chess\chess\debug\chess.tlog\cl.command.1.tlog
d:\c++ projects\chess\chess\debug\chess.tlog\cl.read.1.tlog
d:\c++ projects\chess\chess\debug\chess.tlog\cl.write.1.tlog
d:\c++ projects\chess\chess\debug\chess.tlog\link.command.1.tlog
d:\c++ projects\chess\chess\debug\chess.tlog\link.read.1.tlog
d:\c++ projects\chess\chess\debug\chess.tlog\link.write.1.tlog
